      "https://api.github.com/repos/kustomer/libs",
      "https://api.github.com/repos/kustomer/setup-guide-api",
      "https://api.github.com/repos/kustomer/terraform-live-web",
      "https://api.github.com/repos/kustomer/docker-sagemaker-tf-inference",
      "https://api.github.com/repos/kustomer/e2e",
      "https://api.github.com/repos/kustomer/card-scripts",
      "https://api.github.com/repos/kustomer/terraform-live-iam",
      "https://api.github.com/repos/kustomer/chat-sdk-ios-research",
      "https://api.github.com/repos/kustomer/terraform-live-ops",
      "https://api.github.com/repos/kustomer/kb-reporting-events-indexer-lambda",
      "https://api.github.com/repos/kustomer/techspecs",
      "https://api.github.com/repos/kustomer/repo-template",
      "https://api.github.com/repos/kustomer/kard-scripts",
      "https://api.github.com/repos/kustomer/janitor-scheduler-lambda",
      "https://api.github.com/repos/kustomer/anonymous-events-indexer-lambda",
      "https://api.github.com/repos/kustomer/apps-util",
      "https://api.github.com/repos/kustomer/app-kustomer-university",
      "https://api.github.com/repos/kustomer/scheduled-exports-subscription-api",
      "https://api.github.com/repos/kustomer/apps-cdn-service-worker",
      "https://api.github.com/repos/kustomer/scheduled-exports-scheduler-lambda",
      "https://api.github.com/repos/kustomer/scheduled-exports-worker",
      "https://api.github.com/repos/kustomer/terraform-live-org-log",
      "https://api.github.com/repos/kustomer/terraform-live-elk",
      "https://api.github.com/repos/kustomer/card-kustomer-mailchimp",
      "https://api.github.com/repos/kustomer/nlu-worker",
      "https://api.github.com/repos/kustomer/docker-sagemaker-tf-train",
      "https://api.github.com/repos/kustomer/tim-scripts",
      "https://api.github.com/repos/kustomer/terraform-live-backend",
      "https://api.github.com/repos/kustomer/dd-forwarder-lambda",
      "https://api.github.com/repos/kustomer/db-reporter-lambda",
      "https://api.github.com/repos/kustomer/migrations-connector",
      "https://api.github.com/repos/kustomer/chat",
      "https://api.github.com/repos/kustomer/rfcs",
      "https://api.github.com/repos/kustomer/kma-ios-research",
      "https://api.github.com/repos/kustomer/ami-watcher-lambda",
      "https://api.github.com/repos/kustomer/migrations-importer",
      "https://api.github.com/repos/kustomer/kma-android",
      "https://api.github.com/repos/kustomer/kma-ios",
      "https://api.github.com/repos/kustomer/platform-events-indexer-lambda",
      "https://api.github.com/repos/kustomer/kustomer-apps-starter-configs", 
      "https://api.github.com/repos/kustomer/kustomer-apps-kustomer_university",
      "https://api.github.com/repos/kustomer/test-app-giphy",
      "https://api.github.com/repos/kustomer/app-definitions",
      "https://api.github.com/repos/kustomer/ps-resources",
      "https://api.github.com/repos/kustomer/reporting-alerts-worker",
      "https://api.github.com/repos/kustomer/reporting-alerts-lambda",
      "https://api.github.com/repos/kustomer/reporting-alerts-api",
      "https://api.github.com/repos/kustomer/migrations-api",
      "https://api.github.com/repos/kustomer/homebrew-kustomer",
      "https://api.github.com/repos/kustomer/openapi",
      "https://api.github.com/repos/kustomer/cloudflare-workers-universal-api-base      
      "https://api.github.com/repos/kustomer/iq-search-cleaner-lambda",
      "https://api.github.com/repos/kustomer/template-helpers",
      "https://api.github.com/repos/kustomer/kb-worker",
      "https://api.github.com/repos/kustomer/tse",
      "https://api.github.com/repos/kustomer/iq-events-indexer-lambda",
      "https://api.github.com/repos/kustomer/embeddings-api",
      "https://api.github.com/repos/kustomer/instance-cleaner-lambda",
      "https://api.github.com/repos/kustomer/appathon-stella-app",
      "https://api.github.com/repos/kustomer/appathon-autocomplete",
      "https://api.github.com/repos/kustomer/appathon-card-kustomer-stripe",
      "https://api.github.com/repos/kustomer/appathon-unbabel",
      "https://api.github.com/repos/kustomer/appathon-giphy",
      "https://api.github.com/repos/kustomer/appathon-card-kustomer-orders",
      "https://api.github.com/repos/kustomer/appathon-pagerduty",
      "https://api.github.com/repos/kustomer/appathon-orders-app",
      "https://api.github.com/repos/kustomer/appathon-thank-you-detector",
      "https://api.github.com/repos/kustomer/appathon-stripe",
      "https://api.github.com/repos/kustomer/appathon-ecomm-app",
      "https://api.github.com/repos/kustomer/appathon-klaviyo-app",
      "https://api.github.com/repos/kustomer/card-kustomer-salesforce",
      "https://api.github.com/repos/kustomer/appathon-slack",
      "https://api.github.com/repos/kustomer/ios-crash-reporting",
      "https://api.github.com/repos/kustomer/appathon-card-kustomer-zoom",
      "https://api.github.com/repos/kustomer/sdm-access-bot-lambda",
      "https://api.github.com/repos/kustomer/app-accounts-worker",
      "https://api.github.com/repos/kustomer/kibana",
      "https://api.github.com/repos/kustomer/card-kustomer-template",
      "https://api.github.com/repos/kustomer/kustomer-app-starter-config",
      "https://api.github.com/repos/kustomer/card-kustomer-fullstory",
      "https://api.github.com/repos/kustomer/kustomer-ios",
      "https://api.github.com/repos/kustomer/cx-smartertrack",
      "https://api.github.com/repos/kustomer/cx-happyfox",
      "https://api.github.com/repos/kustomer/cx-boldchat",
      "https://api.github.com/repos/kustomer/app-nice-incontact",
      "https://api.github.com/repos/kustomer/mobile-sdk-e2e",
      "https://api.github.com/repos/kustomer/redis-artillery",
      "https://api.github.com/repos/kustomer/documentation",
      "https://api.github.com/repos/kustomer/cx-outlook",
      "https://api.github.com/repos/kustomer/cloudflare-workers",
      "https://api.github.com/repos/kustomer/ml-scripts-notebooks",
      "https://api.github.com/repos/kustomer/cf-worker-prototype",
      "https://api.github.com/repos/kustomer/card-five9-settings",
      "https://api.github.com/repos/kustomer/tls-test-lambda",
      "https://api.github.com/repos/kustomer/cx-liveagent",
      "https://api.github.com/repos/kustomer/bi-bigquery-lambda",
      "https://api.github.com/repos/kustomer/assistant-worker",
      "https://api.github.com/repos/kustomer/assistant-api",
      "https://api.github.com/repos/kustomer/chat-web",
      "https://api.github.com/repos/kustomer/shopify-worker",
      "https://api.github.com/repos/kustomer/docker-ci",
      "https://api.github.com/repos/kustomer/draft-js-image-plugin-new",
      "https://api.github.com/repos/kustomer/draft-js-plugins-editor-new",
      "https://api.github.com/repos/kustomer/elasticsearch-7",
      "https://api.github.com/repos/kustomer/draft-js-new",
      "https://api.github.com/repos/kustomer/chat-web-2.0-lab",
      "https://api.github.com/repos/kustomer/reports-subscription-api",
      "https://api.github.com/repos/kustomer/reports-scheduler-lambda",
      "https://api.github.com/repos/kustomer/reports-runner",
      "https://api.github.com/repos/kustomer/integrations-hub",
      "https://api.github.com/repos/kustomer/form-message-receiver",
      "https://api.github.com/repos/kustomer/multer",
      "https://api.github.com/repos/kustomer/cx-streetteam-unmerge-customers",
      "https://api.github.com/repos/kustomer/customer-android-kotlin",
      "https://api.github.com/repos/kustomer/commands",
      "https://api.github.com/repos/kustomer/deflections-worker",
      "https://api.github.com/repos/kustomer/chat-sdk-ios",
      "https://api.github.com/repos/kustomer/csv-uploader-api",
      "https://api.github.com/repos/kustomer/cx-hubspot",
      "https://api.github.com/repos/kustomer/card-five9-adapter",
      "https://api.github.com/repos/kustomer/workflow-process-worker",
      "https://api.github.com/repos/kustomer/ios-mta-starter",
      "https://api.github.com/repos/kustomer/snowflake-provision-lambda",
      "https://api.github.com/repos/kustomer/ml-inference-py-lambda",
      "https://api.github.com/repos/kustomer/ml-deploy-py-lambda",
      "https://api.github.com/repos/kustomer/ml-training-py-lambda",
      "https://api.github.com/repos/kustomer/ml-data-py-lambda",
      "https://api.github.com/repos/kustomer/kustomer-python",
      "https://api.github.com/repos/kustomer/experiment",
      "https://api.github.com/repos/kustomer/cask",
      "https://api.github.com/repos/kustomer/pj-data-queries",
      "https://api.github.com/repos/kustomer/customer-ios-objc",
      "https://api.github.com/repos/kustomer/ai-python",
      "https://api.github.com/repos/kustomer/cx-gorgias",
      "https://api.github.com/repos/kustomer/card-kustomer-shopify",
      "https://api.github.com/repos/kustomer/shopify",
      "https://api.github.com/repos/kustomer/ai-worker",
      "https://api.github.com/repos/kustomer/zapier-kustomer",
      "https://api.github.com/repos/kustomer/csv-upload-api",
      "https://api.github.com/repos/kustomer/timeline-api",
      "https://api.github.com/repos/kustomer/views-api",
      "https://api.github.com/repos/kustomer/tasks-api",
      "https://api.github.com/repos/kustomer/spam-api",
      "https://api.github.com/repos/kustomer/janitor-worker",
      "https://api.github.com/repos/kustomer/cx-glovo-ss",
      "https://api.github.com/repos/kustomer/notifications-api-golang",
      "https://api.github.com/repos/kustomer/permissions-indexer-lambda",
      "https://api.github.com/repos/kustomer/twilio-message-receiver",
      "https://api.github.com/repos/kustomer/cx-glovo-suggested-shortcuts",
      "https://api.github.com/repos/kustomer/aws-ec2-ami",
      "https://api.github.com/repos/kustomer/jira-receiver",
      "https://api.github.com/repos/kustomer/curator-lambda",
      "https://api.github.com/repos/kustomer/cx-instance-sync-fe",
      "https://api.github.com/repos/kustomer/cx-instance-sync-be",
      "https://api.github.com/repos/kustomer/app-gateway",
      "https://api.github.com/repos/kustomer/jira-worker",
      "https://api.github.com/repos/kustomer/cloudwatch-notify-lambda",
      "https://api.github.com/repos/kustomer/cx-rebuy-sync",
      "https://api.github.com/repos/kustomer/smooch-drafts-sender",
      "https://api.github.com/repos/kustomer/smooch-receiver",
      "https://api.github.com/repos/kustomer/smooch",
      "https://api.github.com/repos/kustomer/cypress-challenge-repo",
      "https://api.github.com/repos/kustomer/cx-kustomer-migration",
      "https://api.github.com/repos/kustomer/messagebird-drafts-sender",
      "https://api.github.com/repos/kustomer/messagebird",
      "https://api.github.com/repos/kustomer/permissions-worker",
      "https://api.github.com/repos/kustomer/cx-dcra",
      "https://api.github.com/repos/kustomer/cx-workflow-tool",
      "https://api.github.com/repos/kustomer/card-kustomer-jira",
      "https://api.github.com/repos/kustomer/DemoBuildertoProd",
      "https://api.github.com/repos/kustomer/jira-api",
      "https://api.github.com/repos/kustomer/cx-thredup-predict",
      "https://api.github.com/repos/kustomer/cx-gmail-import",
      "https://api.github.com/repos/kustomer/strongdm",
      "https://api.github.com/repos/kustomer/twilio-receiver",
      "https://api.github.com/repos/kustomer/libdb",
      "https://api.github.com/repos/kustomer/org-logs-api",
      "https://api.github.com/repos/kustomer/cert-renewal",
      "https://api.github.com/repos/kustomer/org-logger",
      "https://api.github.com/repos/kustomer/es-shard-monitoring-lambda",
      "https://api.github.com/repos/kustomer/cx-helpshift",
      "https://api.github.com/repos/kustomer/routing-cleaner-lambda",
      "https://api.github.com/repos/kustomer/cx-instance-migration",
      "https://api.github.com/repos/kustomer/event-producer-lambda",
      "https://api.github.com/repos/kustomer/libapi",
      "https://api.github.com/repos/kustomer/drafts-cleaner-lambda",
      "https://api.github.com/repos/kustomer/cx-new-desk",
      "https://api.github.com/repos/kustomer/ai-cli",
      "https://api.github.com/repos/kustomer/o-webhooks-worker",
      "https://api.github.com/repos/kustomer/o-webhooks-api",
      "https://api.github.com/repos/kustomer/cert-deployer",
      "https://api.github.com/repos/kustomer/customer-mobile-e2e",
      "https://api.github.com/repos/kustomer/mobile-testing-challenge-jatin",
      "https://api.github.com/repos/kustomer/sla-worker",
      "https://api.github.com/repos/kustomer/cx-rightnow",
      "https://api.github.com/repos/kustomer/search-cleaner-lambda",
      "https://api.github.com/repos/kustomer/template",
      "https://api.github.com/repos/kustomer/security-team",
      "https://api.github.com/repos/kustomer/techops",
      "https://api.github.com/repos/kustomer/customer-android-private",
      "https://api.github.com/repos/kustomer/customer-ios-private",
      "https://api.github.com/repos/kustomer/expressions",
      "https://api.github.com/repos/kustomer/customer-stream-router-lambda",
      "https://api.github.com/repos/kustomer/gmail-drafts-sender",
      "https://api.github.com/repos/kustomer/graphql",
      "https://api.github.com/repos/kustomer/gmail-message-receiver",
      "https://api.github.com/repos/kustomer/gmail",
      "https://api.github.com/repos/kustomer/logger",
      "https://api.github.com/repos/kustomer/csat-worker",
      "https://api.github.com/repos/kustomer/csat-api",
      "https://api.github.com/repos/kustomer/authorization",
      "https://api.github.com/repos/kustomer/cx-helpscout",
      "https://api.github.com/repos/kustomer/kustomer.com",
      "https://api.github.com/repos/kustomer/snowflake-import-lambda",
      "https://api.github.com/repos/kustomer/snowflake-export-lambda",
      "https://api.github.com/repos/kustomer/audit-logs-api",
      "https://api.github.com/repos/kustomer/audit-logs-indexer-lambda",
      "https://api.github.com/repos/kustomer/chat-stats-api",
      "https://api.github.com/repos/kustomer/cx-frontapp",
      "https://api.github.com/repos/kustomer/cx-servicecloud",
      "https://api.github.com/repos/kustomer/public-worker-lambda",
      "https://api.github.com/repos/kustomer/public-gateway-lambda",
      "https://api.github.com/repos/kustomer/cx-livechat",
      "https://api.github.com/repos/kustomer/cx-freshdesk",
      "https://api.github.com/repos/kustomer/biz-rules-worker",
      "https://api.github.com/repos/kustomer/biz-rules-api",
      "https://api.github.com/repos/kustomer/ecs-drain-lambda",
      "https://api.github.com/repos/kustomer/autoscaling-scheduler-lambda",
      "https://api.github.com/repos/kustomer/exports-worker",
      "https://api.github.com/repos/kustomer/exports-api",
      "https://api.github.com/repos/kustomer/aws-connect-lambda",
      "https://api.github.com/repos/kustomer/deletions-worker",
      "https://api.github.com/repos/kustomer/tracking-events-worker",
      "https://api.github.com/repos/kustomer/cx-utils",
      "https://api.github.com/repos/kustomer/kibana-6",
      "https://api.github.com/repos/kustomer/routing-events-indexer-lambda",
      "https://api.github.com/repos/kustomer/elasticsearch-6",
      "https://api.github.com/repos/kustomer/cx-product",
      "https://api.github.com/repos/kustomer/cx-talkdesk-zingtree",
      "https://api.github.com/repos/kustomer/kustomer-burrow",
      "https://api.github.com/repos/kustomer/cx-test",
      "https://api.github.com/repos/kustomer/data-metrics",
      "https://api.github.com/repos/kustomer/event-router",
      "https://api.github.com/repos/kustomer/routing-worker",
      "https://api.github.com/repos/kustomer/cx-im",
      "https://api.github.com/repos/kustomer/kcxbridge",
      "https://api.github.com/repos/kustomer/trash-api",
      "https://api.github.com/repos/kustomer/cx-utilization",
      "https://api.github.com/repos/kustomer/langs",
      "https://api.github.com/repos/kustomer/snippets",
      "https://api.github.com/repos/kustomer/multer-s3",
      "https://api.github.com/repos/kustomer/shortlink-stats-lambda",
      "https://api.github.com/repos/kustomer/shortlink-redirect-lambda",
      "https://api.github.com/repos/kustomer/reference-worker",
      "https://api.github.com/repos/kustomer/shortlink-api",
      "https://api.github.com/repos/kustomer/native",
      "https://api.github.com/repos/kustomer/web-intl",
      "https://api.github.com/repos/kustomer/cx-kb",
      "https://api.github.com/repos/kustomer/snippets-api",
      "https://api.github.com/repos/kustomer/react-kustomer-customer",
      "https://api.github.com/repos/kustomer/cx-mbox-import",
      "https://api.github.com/repos/kustomer/cx-kb-migrations",
      "https://api.github.com/repos/kustomer/magento-events-receiver",
      "https://api.github.com/repos/kustomer/magento-api",
      "https://api.github.com/repos/kustomer/twitter-dm-receiver",
      "https://api.github.com/repos/kustomer/twitter-dm-drafts-sender",
      "https://api.github.com/repos/kustomer/magento",
      "https://api.github.com/repos/kustomer/Android-SDK-Solutions-Analysts",
      "https://api.github.com/repos/kustomer/campaigns-worker",
      "https://api.github.com/repos/kustomer/twitter",
      "https://api.github.com/repos/kustomer/customer-android",
      "https://api.github.com/repos/kustomer/campaigns-api",
      "https://api.github.com/repos/kustomer/cx-intercom",
      "https://api.github.com/repos/kustomer/iso-639-1",
      "https://api.github.com/repos/kustomer/releases",
      "https://api.github.com/repos/kustomer/snowflake-cli",
      "https://api.github.com/repos/kustomer/workflow-template-gallery",
      "https://api.github.com/repos/kustomer/cx-desk",
      "https://api.github.com/repos/kustomer/apidocs-lambda",
      "https://api.github.com/repos/kustomer/kibana-5",
      "https://api.github.com/repos/kustomer/kustybot",
      "https://api.github.com/repos/kustomer/qa",
      "https://api.github.com/repos/kustomer/cx-reports",
      "https://api.github.com/repos/kustomer/customer-events-indexer-lambda",
      "https://api.github.com/repos/kustomer/cx-cards",
      "https://api.github.com/repos/kustomer/cx-support-sync",
      "https://api.github.com/repos/kustomer/api-wrapper",
      "https://api.github.com/repos/kustomer/kustomer-csv-upload",
      "https://api.github.com/repos/kustomer/cx-connectors",
      "https://api.github.com/repos/kustomer/cx-talkdesk",
      "https://api.github.com/repos/kustomer/analytics-worker",
      "https://api.github.com/repos/kustomer/attachments-api",
      "https://api.github.com/repos/kustomer/customer-ios",
      "https://api.github.com/repos/kustomer/rollback",
      "https://api.github.com/repos/kustomer/stale-releases",
      "https://api.github.com/repos/kustomer/cx-cuyana-ship",
      "https://api.github.com/repos/kustomer/data-stream-redshift-demo-lambda",
      "https://api.github.com/repos/kustomer/calendar",
      "https://api.github.com/repos/kustomer/cx-zendesk",
      "https://api.github.com/repos/kustomer/calendar-api",
      "https://api.github.com/repos/kustomer/data-stream-glossier-lambda",
      "https://api.github.com/repos/kustomer/data-stream",
      "https://api.github.com/repos/kustomer/zipwhip-drafts-sender",
      "https://api.github.com/repos/kustomer/zipwhip-api",
      "https://api.github.com/repos/kustomer/event-source-indexer-lambda",
      "https://api.github.com/repos/kustomer/product",
      "https://api.github.com/repos/kustomer/ujet-api",
      "https://api.github.com/repos/kustomer/jobs-scheduler",
      "https://api.github.com/repos/kustomer/draft-js-plugins",
      "https://api.github.com/repos/kustomer/jobs-runner",
      "https://api.github.com/repos/kustomer/elasticsearch-5",
      "https://api.github.com/repos/kustomer/jobs-api",
      "https://api.github.com/repos/kustomer/routing-api",
      "https://api.github.com/repos/kustomer/kb-events-indexer-lambda",
      "https://api.github.com/repos/kustomer/search",
      "https://api.github.com/repos/kustomer/settings-api",
      "https://api.github.com/repos/kustomer/kb-api",
      "https://api.github.com/repos/kustomer/kb-web",
      "https://api.github.com/repos/kustomer/cx",
      "https://api.github.com/repos/kustomer/note-drafts-sender",
      "https://api.github.com/repos/kustomer/looker",
      "https://api.github.com/repos/kustomer/marketing-web",
      "https://api.github.com/repos/kustomer/accounts-api",
      "https://api.github.com/repos/kustomer/facebook-messenger-drafts-sender",
      "https://api.github.com/repos/kustomer/facebook-messenger-receiver",
      "https://api.github.com/repos/kustomer/facebook",
      "https://api.github.com/repos/kustomer/demo-builder",
      "https://api.github.com/repos/kustomer/data-stream-redshift-lambda",
      "https://api.github.com/repos/kustomer/slash-builds",
      "https://api.github.com/repos/kustomer/internal-analytics-worker",
      "https://api.github.com/repos/kustomer/workflow-cache-manager",
      "https://api.github.com/repos/kustomer/kcli",
      "https://api.github.com/repos/kustomer/templates",
      "https://api.github.com/repos/kustomer/data-stream-lambda",
      "https://api.github.com/repos/kustomer/kviews",
      "https://api.github.com/repos/kustomer/web-api",
      "https://api.github.com/repos/kustomer/billing",
      "https://api.github.com/repos/kustomer/bulk-worker",
      "https://api.github.com/repos/kustomer/chat-drafts-sender",
      "https://api.github.com/repos/kustomer/twilio-drafts-sender",
      "https://api.github.com/repos/kustomer/postmark-drafts-sender",
      "https://api.github.com/repos/kustomer/elasticsearch-curator",
      "https://api.github.com/repos/kustomer/hooks-worker",
      "https://api.github.com/repos/kustomer/hooks",
      "https://api.github.com/repos/kustomer/registrar-worker",
      "https://api.github.com/repos/kustomer/customer-merge-worker",
      "https://api.github.com/repos/kustomer/docker-nodejs-indexer",
      "https://api.github.com/repos/kustomer/search-cleaner",
      "https://api.github.com/repos/kustomer/customer-worker",
      "https://api.github.com/repos/kustomer/draft-js-tests",
      "https://api.github.com/repos/kustomer/chat-api",
      "https://api.github.com/repos/kustomer/customer-web",
      "https://api.github.com/repos/kustomer/website-v2",
      "https://api.github.com/repos/kustomer/docker-nodejs-worker",
      "https://api.github.com/repos/kustomer/metadata",
      "https://api.github.com/repos/kustomer/analytics-api",
      "https://api.github.com/repos/kustomer/qa-functional-tests",
      "https://api.github.com/repos/kustomer/provision",
      "https://api.github.com/repos/kustomer/deploy",
      "https://api.github.com/repos/kustomer/docker-nodejs-api",
      "https://api.github.com/repos/kustomer/card-kustomer-customersentiment",
      "https://api.github.com/repos/kustomer/card-kustomer-conversationsentiment",
      "https://api.github.com/repos/kustomer/card-clearbit-enrichment",
      "https://api.github.com/repos/kustomer/card-js",
      "https://api.github.com/repos/kustomer/fluent-plugin-amazon_sns",
      "https://api.github.com/repos/kustomer/anonymous-events-worker",
      "https://api.github.com/repos/kustomer/draft-js-response-plugin",
      "https://api.github.com/repos/kustomer/snooze",
      "https://api.github.com/repos/kustomer/tracking-web",
      "https://api.github.com/repos/kustomer/notifications-api",
      "https://api.github.com/repos/kustomer/tracking-events",
      "https://api.github.com/repos/kustomer/anonymous-events-indexer",
      "https://api.github.com/repos/kustomer/ai",
      "https://api.github.com/repos/kustomer/clearbit",
      "https://api.github.com/repos/kustomer/notifications",
      "https://api.github.com/repos/kustomer/drafts",
      "https://api.github.com/repos/kustomer/events",
      "https://api.github.com/repos/kustomer/workflow-api",
      "https://api.github.com/repos/kustomer/event-source-indexer",
      "https://api.github.com/repos/kustomer/apps",
      "https://api.github.com/repos/kustomer/integration-tests",
      "https://api.github.com/repos/kustomer/fluentd",
      "https://api.github.com/repos/kustomer/customer-search",
      "https://api.github.com/repos/kustomer/elasticsearch-cli",
      "https://api.github.com/repos/kustomer/customer-events-indexer",
      "https://api.github.com/repos/kustomer/postmark",
      "https://api.github.com/repos/kustomer/microservice",
      "https://api.github.com/repos/kustomer/twilio",
      "https://api.github.com/repos/kustomer/web",
      "https://api.github.com/repos/kustomer/api",
      "https://api.github.com/repos/kustomer/website",
      "https://api.github.com/repos/kustomer/development",
      "https://api.github.com/repos/kustomer/elasticsearch",
      "https://api.github.com/repos/kustomer/registrar",
      "https://api.github.com/repos/kustomer/sobjects",
      "https://api.github.com/repos/kustomer/workflow",
